[13:15:37] [ServerMain/INFO]: Environment: Environment[sessionHost=https://sessionserver.mojang.com, servicesHost=https://api.minecraftservices.com, name=PROD]
[13:15:39] [ServerMain/INFO]: No existing world data, creating new world
[13:15:40] [ServerMain/INFO]: Loaded 1337 recipes
[13:15:40] [ServerMain/INFO]: Loaded 1448 advancements
[13:15:40] [Server thread/INFO]: Starting minecraft server version 1.21.3
[13:15:40] [Server thread/INFO]: Loading properties
[13:15:40] [Server thread/INFO]: Default game type: SURVIVAL
[13:15:40] [Server thread/INFO]: Generating keypair
[13:15:41] [Server thread/INFO]: Starting Minecraft server on *:25565
[13:15:41] [Server thread/INFO]: Using epoll channel type
[13:15:41] [Server thread/INFO]: Preparing level "world"
[13:15:55] [Server thread/INFO]: Preparing start region for dimension minecraft:overworld
[13:15:55] [Worker-Main-2/INFO]: Preparing spawn area: 2%
[13:15:56] [Worker-Main-2/INFO]: Preparing spawn area: 2%
[13:15:56] [Worker-Main-2/INFO]: Preparing spawn area: 2%
[13:15:57] [Worker-Main-2/INFO]: Preparing spawn area: 2%
[13:15:57] [Worker-Main-2/INFO]: Preparing spawn area: 2%
[13:15:58] [Worker-Main-2/INFO]: Preparing spawn area: 2%
[13:15:58] [Worker-Main-2/INFO]: Preparing spawn area: 2%
[13:15:59] [Worker-Main-2/INFO]: Preparing spawn area: 2%
[13:15:59] [Worker-Main-2/INFO]: Preparing spawn area: 2%
[13:16:00] [Worker-Main-2/INFO]: Preparing spawn area: 2%
[13:16:00] [Worker-Main-2/INFO]: Preparing spawn area: 2%
[13:16:01] [Worker-Main-2/INFO]: Preparing spawn area: 2%
[13:16:01] [Worker-Main-2/INFO]: Preparing spawn area: 2%
[13:16:02] [Worker-Main-2/INFO]: Preparing spawn area: 14%
[13:16:02] [Worker-Main-2/INFO]: Preparing spawn area: 51%
[13:16:03] [Worker-Main-2/INFO]: Preparing spawn area: 51%
[13:16:03] [Worker-Main-2/INFO]: Preparing spawn area: 51%
[13:16:04] [Worker-Main-2/INFO]: Preparing spawn area: 51%
[13:16:04] [Worker-Main-2/INFO]: Preparing spawn area: 57%
[13:16:05] [Worker-Main-2/INFO]: Preparing spawn area: 57%
[13:16:05] [Worker-Main-2/INFO]: Preparing spawn area: 57%
[13:16:06] [Worker-Main-2/INFO]: Preparing spawn area: 61%
[13:16:06] [Server thread/INFO]: Time elapsed: 10571 ms
[13:16:06] [Server thread/INFO]: Done (24.914s)! For help, type "help"
[13:17:06] [Server thread/INFO]: Server empty for 60 seconds, pausing
